07/18/16::14:13:47: Flipped 4408 panel normals to comport with region definitions. 
07/18/16::14:13:47: FC::P could not open file electrodegold2umtop.scuffcache (skipping cache preload) 
07/18/16::14:13:47: FC::P could not open file electrodegold2um.scuffcache (skipping cache preload) 
07/18/16::14:13:47: FC::P could not open file electrodegold2um.scuffcache (skipping cache preload) 
07/18/16::14:13:47: FC::P could not open file dielectricsio2_5um.scuffcache (skipping cache preload) 
07/18/16::14:13:47: FC::P could not open file aldielectric.scuffcache (skipping cache preload) 
07/18/16::14:16:02: Flipped 4408 panel normals to comport with region definitions. 
07/18/16::14:16:02: FC::P could not open file electrodegold2umtop.scuffcache (skipping cache preload) 
07/18/16::14:16:02: FC::P could not open file electrodegold2um.scuffcache (skipping cache preload) 
07/18/16::14:16:02: FC::P could not open file electrodegold2um.scuffcache (skipping cache preload) 
07/18/16::14:16:02: FC::P could not open file dielectricsio2_5um.scuffcache (skipping cache preload) 
07/18/16::14:16:02: FC::P could not open file aldielectric.scuffcache (skipping cache preload) 
07/19/16::15:20:05: Flipped 2204 panel normals to comport with region definitions. 
07/19/16::15:20:05: FC::P could not open file electrodegold2umtop.scuffcache (skipping cache preload) 
07/19/16::15:20:05: FC::P could not open file electrodegold2um.scuffcache (skipping cache preload) 
07/19/16::15:22:24: Flipped 0 panel normals to comport with region definitions. 
07/19/16::15:22:24: FC::P could not open file electrodegold2umtop.scuffcache (skipping cache preload) 
07/19/16::15:23:27: Flipped 3942 panel normals to comport with region definitions. 
07/19/16::15:23:27: FC::P could not open file electrodegold2umtop.scuffcache (skipping cache preload) 
07/19/16::15:23:27: FC::P could not open file electrodegold2um.scuffcache (skipping cache preload) 
07/21/16::13:23:52: Flipped 4926 panel normals to comport with region definitions. 
07/21/16::13:23:52: FC::P could not open file electrodegold2umtop.scuffcache (skipping cache preload) 
07/21/16::17:48:32: error: fullplane.msh: invalid mesh topology: edge 1 of panel 433 also belongs to panels 186 and 277  (aborting) 
07/24/16::15:44:30: Flipped 9858 panel normals to comport with region definitions. 
07/24/16::15:44:30: FC::P could not open file electrodegold2umtop.scuffcache (skipping cache preload) 
07/24/16::15:44:30: FC::P could not open file electrodegold2um.scuffcache (skipping cache preload) 
07/24/16::15:49:29: Flipped 4310 panel normals to comport with region definitions. 
07/24/16::15:49:29: FC::P could not open file electrodegold2umtop.scuffcache (skipping cache preload) 
07/24/16::15:49:29: FC::P could not open file electrodegold2um.scuffcache (skipping cache preload) 
07/25/16::10:55:47: Flipped 9858 panel normals to comport with region definitions. 
07/25/16::10:55:47: FC::P could not open file electrodegold2umtop.scuffcache (skipping cache preload) 
07/25/16::10:55:47: FC::P could not open file electrodegold2um.scuffcache (skipping cache preload) 
07/25/16::10:58:21: Flipped 9858 panel normals to comport with region definitions. 
07/25/16::10:58:21: FC::P could not open file electrodegold2umtop.scuffcache (skipping cache preload) 
07/25/16::10:58:21: FC::P could not open file electrodegold2um.scuffcache (skipping cache preload) 
07/26/16::10:43:36: Flipped 9858 panel normals to comport with region definitions. 
07/26/16::10:43:36: FC::P could not open file electrodegold2umtop.scuffcache (skipping cache preload) 
07/26/16::10:43:36: FC::P could not open file electrodegold2um.scuffcache (skipping cache preload) 
07/26/16::10:46:52: Flipped 9858 panel normals to comport with region definitions. 
07/26/16::10:46:52: FC::P could not open file electrodegold2umtop.scuffcache (skipping cache preload) 
07/26/16::10:46:52: FC::P could not open file electrodegold2um.scuffcache (skipping cache preload) 
07/26/16::10:50:18: Flipped 4938 panel normals to comport with region definitions. 
07/26/16::10:50:18: FC::P could not open file electrodegold2umtop.scuffcache (skipping cache preload) 
07/26/16::10:50:18: FC::P could not open file electrodegold2um.scuffcache (skipping cache preload) 
07/26/16::10:51:24: Flipped 9858 panel normals to comport with region definitions. 
07/26/16::10:51:24: FC::P could not open file electrodegold2umtop.scuffcache (skipping cache preload) 
07/26/16::10:51:24: FC::P could not open file electrodegold2um.scuffcache (skipping cache preload) 
07/26/16::10:52:39: Flipped 2250 panel normals to comport with region definitions. 
07/26/16::10:52:39: FC::P could not open file electrodegold2umtop.scuffcache (skipping cache preload) 
07/26/16::10:52:39: FC::P could not open file electrodegold2um.scuffcache (skipping cache preload) 
07/27/16::10:44:12: Flipped 2250 panel normals to comport with region definitions. 
07/27/16::10:44:12: FC::P could not open file electrodegold2umtop.scuffcache (skipping cache preload) 
07/27/16::10:44:12: FC::P could not open file electrodegold2um.scuffcache (skipping cache preload) 
07/27/16::11:15:35: Flipped 2247 panel normals to comport with region definitions. 
07/27/16::11:15:35: FC::P could not open file electrodegold2umtop.scuffcache (skipping cache preload) 
07/27/16::11:15:35: FC::P could not open file electrodegold2um.scuffcache (skipping cache preload) 
07/27/16::11:29:20: Flipped 2247 panel normals to comport with region definitions. 
07/27/16::11:29:20: FC::P could not open file electrodegold2umtop.scuffcache (skipping cache preload) 
07/27/16::11:29:20: FC::P could not open file electrodegold2um.scuffcache (skipping cache preload) 
07/27/16::14:12:40: Flipped 7167 panel normals to comport with region definitions. 
07/27/16::14:12:40: FC::P could not open file electrodegold2umtop.scuffcache (skipping cache preload) 
07/27/16::14:12:40: FC::P could not open file electrodegold2um.scuffcache (skipping cache preload) 
07/27/16::14:14:59: Flipped 4941 panel normals to comport with region definitions. 
07/27/16::14:14:59: FC::P could not open file electrodegold2umtop.scuffcache (skipping cache preload) 
07/27/16::14:14:59: FC::P could not open file electrodegold2um.scuffcache (skipping cache preload) 
07/27/16::14:17:44: Flipped 9861 panel normals to comport with region definitions. 
07/27/16::14:17:44: FC::P could not open file electrodegold2umtop.scuffcache (skipping cache preload) 
07/27/16::14:17:44: FC::P could not open file electrodegold2um.scuffcache (skipping cache preload) 
07/27/16::14:21:42: Flipped 2247 panel normals to comport with region definitions. 
07/27/16::14:21:42: FC::P could not open file electrodegold2umtop.scuffcache (skipping cache preload) 
07/27/16::14:21:42: FC::P could not open file electrodegold2um.scuffcache (skipping cache preload) 
07/27/16::14:23:20: Flipped 7167 panel normals to comport with region definitions. 
07/27/16::14:23:20: FC::P could not open file electrodegold2umtop.scuffcache (skipping cache preload) 
07/27/16::14:23:20: FC::P could not open file electrodegold2um.scuffcache (skipping cache preload) 
07/28/16::10:10:46: Flipped 7167 panel normals to comport with region definitions. 
07/28/16::10:10:46: FC::P could not open file electrodegold2umtop.scuffcache (skipping cache preload) 
07/28/16::10:10:46: FC::P could not open file electrodegold2um.scuffcache (skipping cache preload) 
07/28/16::11:54:58: Flipped 4941 panel normals to comport with region definitions. 
07/28/16::11:54:58: FC::P could not open file electrodegold2umtop.scuffcache (skipping cache preload) 
07/28/16::11:54:58: FC::P could not open file electrodegold2um.scuffcache (skipping cache preload) 
07/28/16::11:55:58: Flipped 4941 panel normals to comport with region definitions. 
07/28/16::11:55:58: FC::P could not open file electrodegold2umtop.scuffcache (skipping cache preload) 
07/28/16::11:55:58: FC::P could not open file electrodegold2um.scuffcache (skipping cache preload) 
07/29/16::11:11:48: Flipped 5106 panel normals to comport with region definitions. 
07/29/16::11:11:48: FC::P could not open file electrodegold2umtop.scuffcache (skipping cache preload) 
07/29/16::11:11:48: FC::P could not open file electrodegold2um.scuffcache (skipping cache preload) 
07/29/16::11:13:14: Flipped 2076 panel normals to comport with region definitions. 
07/29/16::11:13:14: FC::P could not open file electrodegold2umtop.scuffcache (skipping cache preload) 
07/29/16::11:13:14: FC::P could not open file electrodegold2um.scuffcache (skipping cache preload) 
